2022-11-17 11:11:10 INFO::Writing function arguments to log file
2022-11-17 11:11:10 DEBUG::Function arguments
2022-11-17 11:11:10 DEBUG::Output folder: demo_output2
2022-11-17 11:11:10 DEBUG::Min Abundance: 0.000000
2022-11-17 11:11:10 DEBUG::Min Prevalence: 0.000000
2022-11-17 11:11:10 DEBUG::Normalization: NONE
2022-11-17 11:11:10 DEBUG::Transform: LOG
2022-11-17 11:11:10 DEBUG::Analysis method: LM
2022-11-17 11:11:10 DEBUG::Max significance: 0.100000
2022-11-17 11:11:10 DEBUG::Random effects:
2022-11-17 11:11:10 DEBUG::Fixed effects: diagnosis,dysbiosis
2022-11-17 11:11:10 DEBUG::Correction method: BH
2022-11-17 11:11:10 DEBUG::Standardize: TRUE
2022-11-17 11:11:10 DEBUG::Cores: 1
2022-11-17 11:11:10 INFO::Verifying options selected are valid
2022-11-17 11:11:10 INFO::Determining format of input files
2022-11-17 11:11:10 INFO::Input format is data samples as rows and metadata samples as rows
2022-11-17 11:11:10 DEBUG::A total of 1595 samples were found in both the data and metadata
2022-11-17 11:11:10 DEBUG::Reordering data/metadata to use same sample ordering
2022-11-17 11:11:10 INFO::Formula for fixed effects: expr ~  diagnosis + dysbiosis
2022-11-17 11:11:10 INFO::Filter data based on min abundance and min prevalence
2022-11-17 11:11:10 INFO::Total samples in data: 1595
2022-11-17 11:11:10 INFO::Min samples required with min abundance for a feature not to be filtered: 0.000000
2022-11-17 11:11:10 INFO::Total filtered features: 0
2022-11-17 11:11:10 INFO::Filtered feature names from abundance and prevalence filtering:
2022-11-17 11:11:10 INFO::Total filtered features with variance filtering: 0
2022-11-17 11:11:10 INFO::Filtered feature names from variance filtering:
2022-11-17 11:11:10 INFO::Running selected normalization method: NONE
2022-11-17 11:11:10 INFO::Applying z-score to standardize continuous metadata
2022-11-17 11:11:10 INFO::Running selected transform method: LOG
2022-11-17 11:11:11 INFO::Running selected analysis method: LM
2022-11-17 11:11:11 INFO::Fitting model to feature number 1, Bifidobacterium.adolescentis
2022-11-17 11:11:11 INFO::Fitting model to feature number 2, Bifidobacterium.bifidum
2022-11-17 11:11:11 INFO::Fitting model to feature number 3, Bifidobacterium.longum
2022-11-17 11:11:11 INFO::Fitting model to feature number 4, Bifidobacterium.pseudocatenulatum
2022-11-17 11:11:11 INFO::Fitting model to feature number 5, Collinsella.aerofaciens
2022-11-17 11:11:11 INFO::Fitting model to feature number 6, Bacteroides.caccae
2022-11-17 11:11:11 INFO::Fitting model to feature number 7, Bacteroides.cellulosilyticus
2022-11-17 11:11:11 INFO::Fitting model to feature number 8, Bacteroides.dorei
2022-11-17 11:11:11 INFO::Fitting model to feature number 9, Bacteroides.eggerthii
2022-11-17 11:11:11 INFO::Fitting model to feature number 10, Bacteroides.faecis
2022-11-17 11:11:11 INFO::Fitting model to feature number 11, Bacteroides.finegoldii
2022-11-17 11:11:11 INFO::Fitting model to feature number 12, Bacteroides.fragilis
2022-11-17 11:11:11 INFO::Fitting model to feature number 13, Bacteroides.intestinalis
2022-11-17 11:11:11 INFO::Fitting model to feature number 14, Bacteroides.massiliensis
2022-11-17 11:11:11 INFO::Fitting model to feature number 15, Bacteroides.ovatus
2022-11-17 11:11:11 INFO::Fitting model to feature number 16, Bacteroides.salyersiae
2022-11-17 11:11:11 INFO::Fitting model to feature number 17, Bacteroides.stercoris
2022-11-17 11:11:11 INFO::Fitting model to feature number 18, Bacteroides.thetaiotaomicron
2022-11-17 11:11:11 INFO::Fitting model to feature number 19, Bacteroides.uniformis
2022-11-17 11:11:11 INFO::Fitting model to feature number 20, Bacteroides.vulgatus
2022-11-17 11:11:11 INFO::Fitting model to feature number 21, Bacteroides.xylanisolvens
2022-11-17 11:11:11 INFO::Fitting model to feature number 22, Bacteroidales.bacterium.ph8
2022-11-17 11:11:11 INFO::Fitting model to feature number 23, Barnesiella.intestinihominis
2022-11-17 11:11:11 INFO::Fitting model to feature number 24, Coprobacter.fastidiosus
2022-11-17 11:11:11 INFO::Fitting model to feature number 25, Odoribacter.splanchnicus
2022-11-17 11:11:11 INFO::Fitting model to feature number 26, Parabacteroides.distasonis
2022-11-17 11:11:11 INFO::Fitting model to feature number 27, Parabacteroides.goldsteinii
2022-11-17 11:11:11 INFO::Fitting model to feature number 28, Parabacteroides.merdae
2022-11-17 11:11:11 INFO::Fitting model to feature number 29, Parabacteroides.unclassified
2022-11-17 11:11:11 INFO::Fitting model to feature number 30, Paraprevotella.clara
2022-11-17 11:11:11 INFO::Fitting model to feature number 31, Paraprevotella.unclassified
2022-11-17 11:11:11 INFO::Fitting model to feature number 32, Prevotella.copri
2022-11-17 11:11:11 INFO::Fitting model to feature number 33, Alistipes.finegoldii
2022-11-17 11:11:11 INFO::Fitting model to feature number 34, Alistipes.onderdonkii
2022-11-17 11:11:11 INFO::Fitting model to feature number 35, Alistipes.putredinis
2022-11-17 11:11:11 INFO::Fitting model to feature number 36, Alistipes.shahii
2022-11-17 11:11:11 INFO::Fitting model to feature number 37, Alistipes.unclassified
2022-11-17 11:11:11 INFO::Fitting model to feature number 38, Streptococcus.salivarius
2022-11-17 11:11:11 INFO::Fitting model to feature number 39, Clostridium.bolteae
2022-11-17 11:11:11 INFO::Fitting model to feature number 40, Clostridium.citroniae
2022-11-17 11:11:11 INFO::Fitting model to feature number 41, Clostridium.clostridioforme
2022-11-17 11:11:11 INFO::Fitting model to feature number 42, Clostridium.hathewayi
2022-11-17 11:11:11 INFO::Fitting model to feature number 43, Clostridium.leptum
2022-11-17 11:11:11 INFO::Fitting model to feature number 44, Clostridium.nexile
2022-11-17 11:11:11 INFO::Fitting model to feature number 45, Clostridium.symbiosum
2022-11-17 11:11:11 INFO::Fitting model to feature number 46, Flavonifractor.plautii
2022-11-17 11:11:11 INFO::Fitting model to feature number 47, Eubacterium.eligens
2022-11-17 11:11:11 INFO::Fitting model to feature number 48, Eubacterium.hallii
2022-11-17 11:11:11 INFO::Fitting model to feature number 49, Eubacterium.rectale
2022-11-17 11:11:11 INFO::Fitting model to feature number 50, Eubacterium.siraeum
2022-11-17 11:11:11 INFO::Fitting model to feature number 51, Eubacterium.sp.3.1.31
2022-11-17 11:11:11 INFO::Fitting model to feature number 52, Eubacterium.ventriosum
2022-11-17 11:11:11 INFO::Fitting model to feature number 53, Ruminococcus.gnavus
2022-11-17 11:11:11 INFO::Fitting model to feature number 54, Ruminococcus.obeum
2022-11-17 11:11:11 INFO::Fitting model to feature number 55, Ruminococcus.torques
2022-11-17 11:11:11 INFO::Fitting model to feature number 56, Coprococcus.comes
2022-11-17 11:11:11 INFO::Fitting model to feature number 57, Dorea.longicatena
2022-11-17 11:11:11 INFO::Fitting model to feature number 58, Lachnospiraceae.bacterium.1.1.57FAA
2022-11-17 11:11:11 INFO::Fitting model to feature number 59, Lachnospiraceae.bacterium.3.1.46FAA
2022-11-17 11:11:11 INFO::Fitting model to feature number 60, Roseburia.hominis
2022-11-17 11:11:11 INFO::Fitting model to feature number 61, Roseburia.intestinalis
2022-11-17 11:11:11 INFO::Fitting model to feature number 62, Roseburia.inulinivorans
2022-11-17 11:11:11 INFO::Fitting model to feature number 63, Roseburia.unclassified
2022-11-17 11:11:11 INFO::Fitting model to feature number 64, Oscillibacter.unclassified
2022-11-17 11:11:11 INFO::Fitting model to feature number 65, Peptostreptococcaceae.noname.unclassified
2022-11-17 11:11:11 INFO::Fitting model to feature number 66, Faecalibacterium.prausnitzii
2022-11-17 11:11:11 INFO::Fitting model to feature number 67, Ruminococcus.bromii
2022-11-17 11:11:11 INFO::Fitting model to feature number 68, Ruminococcus.callidus
2022-11-17 11:11:11 INFO::Fitting model to feature number 69, Ruminococcus.lactaris
2022-11-17 11:11:11 INFO::Fitting model to feature number 70, Subdoligranulum.unclassified
2022-11-17 11:11:11 INFO::Fitting model to feature number 71, Coprobacillus.unclassified
2022-11-17 11:11:11 INFO::Fitting model to feature number 72, Acidaminococcus.unclassified
2022-11-17 11:11:11 INFO::Fitting model to feature number 73, Dialister.invisus
2022-11-17 11:11:11 INFO::Fitting model to feature number 74, Veillonella.atypica
2022-11-17 11:11:11 INFO::Fitting model to feature number 75, Veillonella.dispar
2022-11-17 11:11:11 INFO::Fitting model to feature number 76, Veillonella.parvula
2022-11-17 11:11:11 INFO::Fitting model to feature number 77, Veillonella.unclassified
2022-11-17 11:11:11 INFO::Fitting model to feature number 78, Burkholderiales.bacterium.1.1.47
2022-11-17 11:11:11 INFO::Fitting model to feature number 79, Parasutterella.excrementihominis
2022-11-17 11:11:11 INFO::Fitting model to feature number 80, Sutterella.wadsworthensis
2022-11-17 11:11:11 INFO::Fitting model to feature number 81, Bilophila.unclassified
2022-11-17 11:11:11 INFO::Fitting model to feature number 82, Escherichia.coli
2022-11-17 11:11:11 INFO::Fitting model to feature number 83, Escherichia.unclassified
2022-11-17 11:11:11 INFO::Fitting model to feature number 84, Klebsiella.pneumoniae
2022-11-17 11:11:11 INFO::Fitting model to feature number 85, Haemophilus.parainfluenzae
2022-11-17 11:11:11 INFO::Fitting model to feature number 86, Akkermansia.muciniphila
2022-11-17 11:11:11 INFO::Fitting model to feature number 87, C2likevirus.unclassified
2022-11-17 11:11:11 INFO::Counting total values for each feature
2022-11-17 11:11:11 WARNING::Deleting existing residuals file: demo_output2/residuals.rds
2022-11-17 11:11:11 INFO::Writing residuals to file demo_output2/residuals.rds
2022-11-17 11:11:12 WARNING::Deleting existing fitted file: demo_output2/fitted.rds
2022-11-17 11:11:12 INFO::Writing fitted values to file demo_output2/fitted.rds
2022-11-17 11:11:12 INFO::Writing all results to file (ordered by increasing q-values): demo_output2/all_results.tsv
2022-11-17 11:11:12 INFO::Writing the significant results (those which are less than or equal to the threshold of 0.100000 ) to file (ordered by increasing q-values): demo_output2/significant_results.tsv
